[debug] [2023-09-26T10:40:52.909Z] ----------------------------------------------------------------------
[debug] [2023-09-26T10:40:52.913Z] Command:       C:\Program Files\nodejs\node.exe C:\Users\kusuma\AppData\Roaming\npm\node_modules\firebase-tools\lib\bin\firebase.js init
[debug] [2023-09-26T10:40:52.913Z] CLI Version:   12.5.4
[debug] [2023-09-26T10:40:52.914Z] Platform:      win32
[debug] [2023-09-26T10:40:52.914Z] Node Version:  v18.16.0
[debug] [2023-09-26T10:40:52.915Z] Time:          Tue Sep 26 2023 16:10:52 GMT+0530 (India Standard Time)
[debug] [2023-09-26T10:40:52.915Z] ----------------------------------------------------------------------
[debug] 
[debug] [2023-09-26T10:40:53.030Z] > command requires scopes: ["email","openid","https://www.googleapis.com/auth/cloudplatformprojects.readonly","https://www.googleapis.com/auth/firebase","https://www.googleapis.com/auth/cloud-platform"]
[debug] [2023-09-26T10:40:53.031Z] > authorizing via signed-in user (asaivarma20@gmail.com)
[info] 
     ######## #### ########  ######## ########     ###     ######  ########
     ##        ##  ##     ## ##       ##     ##  ##   ##  ##       ##
     ######    ##  ########  ######   ########  #########  ######  ######
     ##        ##  ##    ##  ##       ##     ## ##     ##       ## ##
     ##       #### ##     ## ######## ########  ##     ##  ######  ########

You're about to initialize a Firebase project in this directory:

  C:\Users\kusuma\OneDrive\Desktop\HTML saivarma\Angular\e-shopping

Before we get started, keep in mind:

  * You are initializing within an existing Firebase project directory

